INFO  - 2009-11-03 02:30:37 --> Base path set to: E:/AppServ/cishop\/
INFO  - 2009-11-03 02:30:37 --> Base dir set to: \/
INFO  - 2009-11-03 02:30:37 --> System path set to: E:/AppServ/cishop\/system/
INFO  - 2009-11-03 02:30:37 --> Application path set to: E:/AppServ/cishop\/system/application/
INFO  - 2009-11-03 02:30:37 --> Modules path set to: E:/AppServ/cishop\/system/application/modules/
INFO  - 2009-11-03 02:30:37 --> Logs path set to: E:/AppServ/cishop\/system/logs/
INFO  - 2009-11-03 02:30:37 --> Cache path set to: E:/AppServ/cishop\/system/cache/
INFO  - 2009-11-03 02:30:37 --> New feature 'FileSystem Check' created
INFO  - 2009-11-03 02:30:37 --> New feature 'Setup FileSystem' created
INFO  - 2009-11-03 02:30:37 --> New feature 'Setup Database' created
INFO  - 2009-11-03 02:30:37 --> Feature 'Setup FileSystem' now has prerequisite 'FileSystem Check'
INFO  - 2009-11-03 02:30:37 --> Feature 'Setup Database' now has prerequisite 'Setup FileSystem'
INFO  - 2009-11-03 02:30:37 --> Component 'Log Folder writable' attached to feature 'FileSystem Check'
INFO  - 2009-11-03 02:30:37 --> Component 'Asset folders writable' attached to feature 'FileSystem Check'
INFO  - 2009-11-03 02:30:37 --> Component 'Cache Folder writable' attached to feature 'FileSystem Check'
INFO  - 2009-11-03 02:30:37 --> Component 'Config files writable' attached to feature 'FileSystem Check'
INFO  - 2009-11-03 02:30:37 --> Component 'Create new system config file' attached to feature 'Setup FileSystem'
INFO  - 2009-11-03 02:30:37 --> Component 'Create new database config file' attached to feature 'Setup FileSystem'
INFO  - 2009-11-03 02:30:37 --> Component 'Create new ReCAPTCHA config file' attached to feature 'Setup FileSystem'
INFO  - 2009-11-03 02:30:37 --> Component 'Connect to database' attached to feature 'Setup Database'
INFO  - 2009-11-03 02:30:37 --> Component 'Update table schema' attached to feature 'Setup Database'
INFO  - 2009-11-03 02:30:37 --> Component 'Create administrator user account' attached to feature 'Setup Database'
INFO  - 2009-11-03 02:30:37 --> Log Folder writable Component installed
INFO  - 2009-11-03 02:30:37 --> Asset folders writable Component installed
INFO  - 2009-11-03 02:30:37 --> Cache Folder writable Component installed
ERROR - 2009-11-03 02:30:37 --> Config files writable Component install failed: E:/AppServ/cishop\/system/application/modules/recaptcha/config/recaptcha.php file isn't writable
INFO  - 2009-11-03 02:30:37 --> Attempting to roll back Components for 'FileSystem Check' Feature
INFO  - 2009-11-03 02:30:37 --> Setup FileSystem Feature installation haulted since its prerequisite feature 'FileSystem Check' failed to install
INFO  - 2009-11-03 02:30:37 --> Setup Database Feature installation haulted since its prerequisite feature 'Setup FileSystem' failed to install
INFO  - 2009-11-03 02:31:14 --> Base path set to: E:/AppServ/cishop\/
INFO  - 2009-11-03 02:31:14 --> Base dir set to: \/
INFO  - 2009-11-03 02:31:14 --> System path set to: E:/AppServ/cishop\/system/
INFO  - 2009-11-03 02:31:14 --> Application path set to: E:/AppServ/cishop\/system/application/
INFO  - 2009-11-03 02:31:14 --> Modules path set to: E:/AppServ/cishop\/system/application/modules/
INFO  - 2009-11-03 02:31:14 --> Logs path set to: E:/AppServ/cishop\/system/logs/
INFO  - 2009-11-03 02:31:14 --> Cache path set to: E:/AppServ/cishop\/system/cache/
INFO  - 2009-11-03 02:31:14 --> New feature 'FileSystem Check' created
INFO  - 2009-11-03 02:31:14 --> New feature 'Setup FileSystem' created
INFO  - 2009-11-03 02:31:14 --> New feature 'Setup Database' created
INFO  - 2009-11-03 02:31:14 --> Feature 'Setup FileSystem' now has prerequisite 'FileSystem Check'
INFO  - 2009-11-03 02:31:14 --> Feature 'Setup Database' now has prerequisite 'Setup FileSystem'
INFO  - 2009-11-03 02:31:14 --> Component 'Log Folder writable' attached to feature 'FileSystem Check'
INFO  - 2009-11-03 02:31:14 --> Component 'Asset folders writable' attached to feature 'FileSystem Check'
INFO  - 2009-11-03 02:31:14 --> Component 'Cache Folder writable' attached to feature 'FileSystem Check'
INFO  - 2009-11-03 02:31:14 --> Component 'Config files writable' attached to feature 'FileSystem Check'
INFO  - 2009-11-03 02:31:14 --> Component 'Create new system config file' attached to feature 'Setup FileSystem'
INFO  - 2009-11-03 02:31:14 --> Component 'Create new database config file' attached to feature 'Setup FileSystem'
INFO  - 2009-11-03 02:31:14 --> Component 'Create new ReCAPTCHA config file' attached to feature 'Setup FileSystem'
INFO  - 2009-11-03 02:31:14 --> Component 'Connect to database' attached to feature 'Setup Database'
INFO  - 2009-11-03 02:31:14 --> Component 'Update table schema' attached to feature 'Setup Database'
INFO  - 2009-11-03 02:31:14 --> Component 'Create administrator user account' attached to feature 'Setup Database'
INFO  - 2009-11-03 02:31:14 --> Log Folder writable Component installed
INFO  - 2009-11-03 02:31:14 --> Asset folders writable Component installed
INFO  - 2009-11-03 02:31:14 --> Cache Folder writable Component installed
ERROR - 2009-11-03 02:31:14 --> Config files writable Component install failed: E:/AppServ/cishop\/system/application/modules/recaptcha/config/recaptcha.php file isn't writable
INFO  - 2009-11-03 02:31:14 --> Attempting to roll back Components for 'FileSystem Check' Feature
INFO  - 2009-11-03 02:31:14 --> Setup FileSystem Feature installation haulted since its prerequisite feature 'FileSystem Check' failed to install
INFO  - 2009-11-03 02:31:14 --> Setup Database Feature installation haulted since its prerequisite feature 'Setup FileSystem' failed to install
INFO  - 2009-11-03 02:31:33 --> Base path set to: E:/AppServ/cishop\/
INFO  - 2009-11-03 02:31:33 --> Base dir set to: \/
INFO  - 2009-11-03 02:31:33 --> System path set to: E:/AppServ/cishop\/system/
INFO  - 2009-11-03 02:31:33 --> Application path set to: E:/AppServ/cishop\/system/application/
INFO  - 2009-11-03 02:31:33 --> Modules path set to: E:/AppServ/cishop\/system/application/modules/
INFO  - 2009-11-03 02:31:33 --> Logs path set to: E:/AppServ/cishop\/system/logs/
INFO  - 2009-11-03 02:31:33 --> Cache path set to: E:/AppServ/cishop\/system/cache/
INFO  - 2009-11-03 02:31:33 --> New feature 'FileSystem Check' created
INFO  - 2009-11-03 02:31:33 --> New feature 'Setup FileSystem' created
INFO  - 2009-11-03 02:31:33 --> New feature 'Setup Database' created
INFO  - 2009-11-03 02:31:33 --> Feature 'Setup FileSystem' now has prerequisite 'FileSystem Check'
INFO  - 2009-11-03 02:31:33 --> Feature 'Setup Database' now has prerequisite 'Setup FileSystem'
INFO  - 2009-11-03 02:31:33 --> Component 'Log Folder writable' attached to feature 'FileSystem Check'
INFO  - 2009-11-03 02:31:33 --> Component 'Asset folders writable' attached to feature 'FileSystem Check'
INFO  - 2009-11-03 02:31:33 --> Component 'Cache Folder writable' attached to feature 'FileSystem Check'
INFO  - 2009-11-03 02:31:33 --> Component 'Config files writable' attached to feature 'FileSystem Check'
INFO  - 2009-11-03 02:31:33 --> Component 'Create new system config file' attached to feature 'Setup FileSystem'
INFO  - 2009-11-03 02:31:33 --> Component 'Create new database config file' attached to feature 'Setup FileSystem'
INFO  - 2009-11-03 02:31:33 --> Component 'Create new ReCAPTCHA config file' attached to feature 'Setup FileSystem'
INFO  - 2009-11-03 02:31:33 --> Component 'Connect to database' attached to feature 'Setup Database'
INFO  - 2009-11-03 02:31:33 --> Component 'Update table schema' attached to feature 'Setup Database'
INFO  - 2009-11-03 02:31:33 --> Component 'Create administrator user account' attached to feature 'Setup Database'
INFO  - 2009-11-03 02:31:33 --> Log Folder writable Component installed
INFO  - 2009-11-03 02:31:33 --> Asset folders writable Component installed
INFO  - 2009-11-03 02:31:33 --> Cache Folder writable Component installed
INFO  - 2009-11-03 02:31:33 --> Config files writable Component installed
INFO  - 2009-11-03 02:31:33 --> FileSystem Check Feature installed
INFO  - 2009-11-03 02:31:33 --> Create new system config file Component installed
INFO  - 2009-11-03 02:31:33 --> Create new database config file Component installed
INFO  - 2009-11-03 02:31:33 --> Create new ReCAPTCHA config file Component installed
INFO  - 2009-11-03 02:31:33 --> Setup FileSystem Feature installed
INFO  - 2009-11-03 02:31:33 --> Connect to database Component installed
INFO  - 2009-11-03 02:31:35 --> Update table schema Component installed
INFO  - 2009-11-03 02:31:35 --> Create administrator user account Component installed
INFO  - 2009-11-03 02:31:35 --> Setup Database Feature installed
